<?xml version="1.0" encoding="UTF-8"?>
<!-- Generated by org.testng.reporters.JUnitReportReporter -->
<testsuite hostname="DESKTOP-9NCC60S" failures="0" tests="2" name="com.icehrm_automation.Loginpage1" time="56.356" errors="0" timestamp="2023-03-13T21:50:50 IST" skipped="0">
  <testcase classname="com.icehrm_automation.Loginpage1" name="AddEmp" time="41.563"/>
  <system-out/>
  <testcase classname="com.icehrm_automation.Loginpage1" name="VarifyEmp" time="14.793"/>
  <system-out/>
</testsuite> <!-- com.icehrm_automation.Loginpage1 -->
