<?xml version="1.0" encoding="UTF-8"?>
<!-- Generated by org.testng.reporters.JUnitReportReporter -->
<testsuite hostname="DESKTOP-9NCC60S" failures="0" tests="2" name="com.icehrm_automation.loginpage.ExcelDtaTest" time="0.000" errors="0" timestamp="2023-03-27T15:46:12 IST" skipped="2">
  <testcase classname="com.icehrm_automation.loginpage.ExcelDtaTest" name="empTest" time="0.000">
    <skipped/>
  </testcase> <!-- empTest -->
  <system-out/>
  <testcase classname="com.icehrm_automation.loginpage.ExcelDtaTest" name="test" time="0.000">
    <skipped/>
  </testcase> <!-- test -->
  <system-out/>
</testsuite> <!-- com.icehrm_automation.loginpage.ExcelDtaTest -->
