<?xml version="1.0" encoding="UTF-8"?>
<!-- Generated by org.testng.reporters.JUnitReportReporter -->
<testsuite hostname="DESKTOP-9NCC60S" failures="0" tests="1" name="com.icehrm_automation.loginpage.TestAnnotations" time="0.012" errors="0" timestamp="2023-03-14T21:31:53 IST" skipped="0">
  <testcase classname="com.icehrm_automation.loginpage.TestAnnotations" name="test" time="0.012"/>
  <system-out/>
</testsuite> <!-- com.icehrm_automation.loginpage.TestAnnotations -->
