<?xml version="1.0" encoding="UTF-8"?>
<!-- Generated by org.testng.reporters.JUnitReportReporter -->
<testsuite hostname="DESKTOP-9NCC60S" failures="0" tests="1" name="com.icehrm_automation.loginpage.ExcelTest" time="0.000" errors="0" timestamp="2023-03-21T15:42:54 IST" skipped="1">
  <testcase classname="com.icehrm_automation.loginpage.ExcelTest" name="test" time="0.000">
    <skipped/>
  </testcase> <!-- test -->
  <system-out/>
</testsuite> <!-- com.icehrm_automation.loginpage.ExcelTest -->
