<?xml version="1.0" encoding="UTF-8"?>
<!-- Generated by org.testng.reporters.JUnitReportReporter -->
<testsuite hostname="DESKTOP-9NCC60S" failures="0" tests="3" name="com.icehrm_automation.loginpage.Sample5" time="0.021" errors="0" timestamp="2023-03-28T14:57:40 IST" skipped="0">
  <testcase classname="com.icehrm_automation.loginpage.Sample5" name="sample5Test1" time="0.013"/>
  <system-out/>
  <testcase classname="com.icehrm_automation.loginpage.Sample5" name="sample5Test2" time="0.003"/>
  <system-out/>
  <testcase classname="com.icehrm_automation.loginpage.Sample5" name="sample5Test3" time="0.005"/>
  <system-out/>
</testsuite> <!-- com.icehrm_automation.loginpage.Sample5 -->
