<?xml version="1.0" encoding="UTF-8"?>
<!-- Generated by org.testng.reporters.JUnitReportReporter -->
<testsuite hostname="DESKTOP-9NCC60S" failures="0" tests="3" name="com.icehrm_automation.loginpage.Sample2" time="0.018" errors="0" timestamp="2023-03-14T21:31:53 IST" skipped="0">
  <testcase classname="com.icehrm_automation.loginpage.Sample2" name="sample2Test3" time="0.004"/>
  <system-out/>
  <testcase classname="com.icehrm_automation.loginpage.Sample2" name="sample2Test1" time="0.007"/>
  <system-out/>
  <testcase classname="com.icehrm_automation.loginpage.Sample2" name="sample2Test2" time="0.007"/>
  <system-out/>
</testsuite> <!-- com.icehrm_automation.loginpage.Sample2 -->
