<?xml version="1.0" encoding="UTF-8"?>
<!-- Generated by org.testng.reporters.JUnitReportReporter -->
<testsuite hostname="DESKTOP-9NCC60S" failures="0" tests="3" name="com.icehrm_automation.loginpage.Sample3" time="0.011" errors="0" timestamp="2023-03-14T21:31:53 IST" skipped="0">
  <testcase classname="com.icehrm_automation.loginpage.Sample3" name="sample3Test2" time="0.003"/>
  <system-out/>
  <testcase classname="com.icehrm_automation.loginpage.Sample3" name="sample3Test1" time="0.005"/>
  <system-out/>
  <testcase classname="com.icehrm_automation.loginpage.Sample3" name="sample3Test3" time="0.003"/>
  <system-out/>
</testsuite> <!-- com.icehrm_automation.loginpage.Sample3 -->
