<?xml version="1.0" encoding="UTF-8"?>
<!-- Generated by org.testng.reporters.JUnitReportReporter -->
<testsuite hostname="DESKTOP-9NCC60S" failures="0" tests="3" name="com.icehrm_automation.loginpage.Sample4" time="0.019" errors="0" timestamp="2023-03-17T15:00:07 IST" skipped="0">
  <testcase classname="com.icehrm_automation.loginpage.Sample4" name="test4" time="0.004"/>
  <system-out/>
  <testcase classname="com.icehrm_automation.loginpage.Sample4" name="test4" time="0.011"/>
  <system-out/>
  <testcase classname="com.icehrm_automation.loginpage.Sample4" name="test4" time="0.004"/>
  <system-out/>
</testsuite> <!-- com.icehrm_automation.loginpage.Sample4 -->
