<?xml version="1.0" encoding="UTF-8"?>
<!-- Generated by org.testng.reporters.JUnitReportReporter -->
<testsuite hostname="DESKTOP-9NCC60S" failures="0" tests="5" name="com.icehrm_automation.TestNGExample1" time="0.032" errors="0" timestamp="2023-03-14T20:05:49 IST" skipped="0">
  <testcase classname="com.icehrm_automation.TestNGExample1" name="add" time="0.019"/>
  <system-out/>
  <testcase classname="com.icehrm_automation.TestNGExample1" name="substraction" time="0.003"/>
  <system-out/>
  <testcase classname="com.icehrm_automation.TestNGExample1" name="division" time="0.002"/>
  <system-out/>
  <testcase classname="com.icehrm_automation.TestNGExample1" name="method" time="0.006"/>
  <system-out/>
  <testcase classname="com.icehrm_automation.TestNGExample1" name="multipication" time="0.002"/>
  <system-out/>
</testsuite> <!-- com.icehrm_automation.TestNGExample1 -->
